2020-07-06 15:33:23.732  INFO 40510 --- [main] com.juice.web.WebApplication             : Starting WebApplication on JokerdeMacBook-Pro.local with PID 40510 (/Users/jokerliang/work/juice/source/server/juice-servers/web/target/classes started by jokerliang in /Users/jokerliang/work/juice/source/server/juice-servers)
2020-07-06 15:33:23.735  INFO 40510 --- [main] com.juice.web.WebApplication             : No active profile set, falling back to default profiles: default
2020-07-06 15:33:24.372  INFO 40510 --- [main] .s.d.r.c.RepositoryConfigurationDelegate : Multiple Spring Data modules found, entering strict repository configuration mode!
2020-07-06 15:33:24.374  INFO 40510 --- [main] .s.d.r.c.RepositoryConfigurationDelegate : Bootstrapping Spring Data Redis repositories in DEFAULT mode.
2020-07-06 15:33:24.397  INFO 40510 --- [main] .s.d.r.c.RepositoryConfigurationDelegate : Finished Spring Data repository scanning in 4ms. Found 0 Redis repository interfaces.
2020-07-06 15:33:24.492  WARN 40510 --- [main] o.m.s.mapper.ClassPathMapperScanner      : No MyBatis mapper was found in '[com.juice.web]' package. Please check your configuration.
2020-07-06 15:33:24.851  INFO 40510 --- [main] o.s.b.w.embedded.tomcat.TomcatWebServer  : Tomcat initialized with port(s): 8769 (http)
2020-07-06 15:33:24.861  INFO 40510 --- [main] o.apache.catalina.core.StandardService   : Starting service [Tomcat]
2020-07-06 15:33:24.862  INFO 40510 --- [main] org.apache.catalina.core.StandardEngine  : Starting Servlet engine: [Apache Tomcat/9.0.36]
2020-07-06 15:33:24.930  INFO 40510 --- [main] o.a.c.c.C.[Tomcat].[localhost].[/]       : Initializing Spring embedded WebApplicationContext
2020-07-06 15:33:24.930  INFO 40510 --- [main] w.s.c.ServletWebServerApplicationContext : Root WebApplicationContext: initialization completed in 1157 ms
2020-07-06 15:33:25.123  INFO 40510 --- [main] o.s.s.concurrent.ThreadPoolTaskExecutor  : Initializing ExecutorService 'applicationTaskExecutor'
2020-07-06 15:33:25.277  INFO 40510 --- [main] c.a.d.s.b.a.DruidDataSourceAutoConfigure : Init DruidDataSource
2020-07-06 15:33:25.387  INFO 40510 --- [main] com.alibaba.druid.pool.DruidDataSource   : {dataSource-1} inited
2020-07-06 15:33:25.972  INFO 40510 --- [main] o.s.b.w.embedded.tomcat.TomcatWebServer  : Tomcat started on port(s): 8769 (http) with context path ''
2020-07-06 15:33:25.984  INFO 40510 --- [main] com.juice.web.WebApplication             : Started WebApplication in 2.625 seconds (JVM running for 3.355)
2020-07-06 15:33:29.249  INFO 40510 --- [SpringContextShutdownHook] com.alibaba.druid.pool.DruidDataSource   : {dataSource-1} closing ...
2020-07-06 15:33:29.250  INFO 40510 --- [SpringContextShutdownHook] com.alibaba.druid.pool.DruidDataSource   : {dataSource-1} closed
2020-07-06 15:33:29.250  INFO 40510 --- [SpringContextShutdownHook] o.s.s.concurrent.ThreadPoolTaskExecutor  : Shutting down ExecutorService 'applicationTaskExecutor'
2020-07-06 15:48:49.898  INFO 40952 --- [main] com.juice.web.WebApplication             : Starting WebApplication on JokerdeMacBook-Pro.local with PID 40952 (/Users/jokerliang/work/juice/source/server/juice-servers/web/target/classes started by jokerliang in /Users/jokerliang/work/juice/source/server/juice-servers)
2020-07-06 15:48:49.903  INFO 40952 --- [main] com.juice.web.WebApplication             : No active profile set, falling back to default profiles: default
2020-07-06 15:48:50.587  INFO 40952 --- [main] .s.d.r.c.RepositoryConfigurationDelegate : Multiple Spring Data modules found, entering strict repository configuration mode!
2020-07-06 15:48:50.590  INFO 40952 --- [main] .s.d.r.c.RepositoryConfigurationDelegate : Bootstrapping Spring Data Redis repositories in DEFAULT mode.
2020-07-06 15:48:50.617  INFO 40952 --- [main] .s.d.r.c.RepositoryConfigurationDelegate : Finished Spring Data repository scanning in 9ms. Found 0 Redis repository interfaces.
2020-07-06 15:48:50.709  WARN 40952 --- [main] o.m.s.mapper.ClassPathMapperScanner      : No MyBatis mapper was found in '[com.juice.web]' package. Please check your configuration.
2020-07-06 15:48:51.066  INFO 40952 --- [main] o.s.b.w.embedded.tomcat.TomcatWebServer  : Tomcat initialized with port(s): 8769 (http)
2020-07-06 15:48:51.073  INFO 40952 --- [main] o.apache.catalina.core.StandardService   : Starting service [Tomcat]
2020-07-06 15:48:51.074  INFO 40952 --- [main] org.apache.catalina.core.StandardEngine  : Starting Servlet engine: [Apache Tomcat/9.0.36]
2020-07-06 15:48:51.137  INFO 40952 --- [main] o.a.c.c.C.[Tomcat].[localhost].[/]       : Initializing Spring embedded WebApplicationContext
2020-07-06 15:48:51.137  INFO 40952 --- [main] w.s.c.ServletWebServerApplicationContext : Root WebApplicationContext: initialization completed in 1185 ms
2020-07-06 15:48:51.351  INFO 40952 --- [main] o.s.s.concurrent.ThreadPoolTaskExecutor  : Initializing ExecutorService 'applicationTaskExecutor'
2020-07-06 15:48:51.481  INFO 40952 --- [main] c.a.d.s.b.a.DruidDataSourceAutoConfigure : Init DruidDataSource
2020-07-06 15:48:51.600  INFO 40952 --- [main] com.alibaba.druid.pool.DruidDataSource   : {dataSource-1} inited
2020-07-06 15:48:52.119  INFO 40952 --- [main] o.s.b.w.embedded.tomcat.TomcatWebServer  : Tomcat started on port(s): 8769 (http) with context path ''
2020-07-06 15:48:52.129  INFO 40952 --- [main] com.juice.web.WebApplication             : Started WebApplication in 2.699 seconds (JVM running for 3.298)
2020-07-06 15:49:09.279  INFO 40952 --- [http-nio-8769-exec-1] o.a.c.c.C.[Tomcat].[localhost].[/]       : Initializing Spring DispatcherServlet 'dispatcherServlet'
2020-07-06 15:49:09.279  INFO 40952 --- [http-nio-8769-exec-1] o.s.web.servlet.DispatcherServlet        : Initializing Servlet 'dispatcherServlet'
2020-07-06 15:49:09.286  INFO 40952 --- [http-nio-8769-exec-1] o.s.web.servlet.DispatcherServlet        : Completed initialization in 7 ms
2020-07-06 15:49:14.305  INFO 40952 --- [SpringContextShutdownHook] com.alibaba.druid.pool.DruidDataSource   : {dataSource-1} closing ...
2020-07-06 15:49:14.306  INFO 40952 --- [SpringContextShutdownHook] com.alibaba.druid.pool.DruidDataSource   : {dataSource-1} closed
2020-07-06 15:49:14.306  INFO 40952 --- [SpringContextShutdownHook] o.s.s.concurrent.ThreadPoolTaskExecutor  : Shutting down ExecutorService 'applicationTaskExecutor'
2020-07-06 15:59:14.503  INFO 41118 --- [main] com.juice.web.WebApplication             : Starting WebApplication on JokerdeMacBook-Pro.local with PID 41118 (/Users/jokerliang/work/juice/source/server/juice-servers/web/target/classes started by jokerliang in /Users/jokerliang/work/juice/source/server/juice-servers)
2020-07-06 15:59:14.507  INFO 41118 --- [main] com.juice.web.WebApplication             : No active profile set, falling back to default profiles: default
2020-07-06 15:59:15.104  INFO 41118 --- [main] .s.d.r.c.RepositoryConfigurationDelegate : Multiple Spring Data modules found, entering strict repository configuration mode!
2020-07-06 15:59:15.106  INFO 41118 --- [main] .s.d.r.c.RepositoryConfigurationDelegate : Bootstrapping Spring Data Redis repositories in DEFAULT mode.
2020-07-06 15:59:15.126  INFO 41118 --- [main] .s.d.r.c.RepositoryConfigurationDelegate : Finished Spring Data repository scanning in 4ms. Found 0 Redis repository interfaces.
2020-07-06 15:59:15.214  WARN 41118 --- [main] o.m.s.mapper.ClassPathMapperScanner      : No MyBatis mapper was found in '[com.juice.web]' package. Please check your configuration.
2020-07-06 15:59:15.541  INFO 41118 --- [main] o.s.b.w.embedded.tomcat.TomcatWebServer  : Tomcat initialized with port(s): 8080 (http)
2020-07-06 15:59:15.550  INFO 41118 --- [main] o.apache.catalina.core.StandardService   : Starting service [Tomcat]
2020-07-06 15:59:15.550  INFO 41118 --- [main] org.apache.catalina.core.StandardEngine  : Starting Servlet engine: [Apache Tomcat/9.0.36]
2020-07-06 15:59:15.612  INFO 41118 --- [main] o.a.c.c.C.[Tomcat].[localhost].[/]       : Initializing Spring embedded WebApplicationContext
2020-07-06 15:59:15.613  INFO 41118 --- [main] w.s.c.ServletWebServerApplicationContext : Root WebApplicationContext: initialization completed in 1067 ms
2020-07-06 15:59:15.801  INFO 41118 --- [main] o.s.s.concurrent.ThreadPoolTaskExecutor  : Initializing ExecutorService 'applicationTaskExecutor'
2020-07-06 15:59:15.915  INFO 41118 --- [main] c.a.d.s.b.a.DruidDataSourceAutoConfigure : Init DruidDataSource
2020-07-06 15:59:16.028  INFO 41118 --- [main] com.alibaba.druid.pool.DruidDataSource   : {dataSource-1} inited
2020-07-06 15:59:16.587  INFO 41118 --- [main] o.s.b.w.embedded.tomcat.TomcatWebServer  : Tomcat started on port(s): 8080 (http) with context path ''
2020-07-06 15:59:16.596  INFO 41118 --- [main] com.juice.web.WebApplication             : Started WebApplication in 2.49 seconds (JVM running for 3.073)
2020-07-06 15:59:21.496  INFO 41118 --- [SpringContextShutdownHook] com.alibaba.druid.pool.DruidDataSource   : {dataSource-1} closing ...
2020-07-06 15:59:21.497  INFO 41118 --- [SpringContextShutdownHook] com.alibaba.druid.pool.DruidDataSource   : {dataSource-1} closed
2020-07-06 15:59:21.497  INFO 41118 --- [SpringContextShutdownHook] o.s.s.concurrent.ThreadPoolTaskExecutor  : Shutting down ExecutorService 'applicationTaskExecutor'
